[open-icg] 2016-08-13 15:08:48.233 INFO  [AbstractApplicationContext.java:581] Refreshing org.springframework.context.support.ClassPathXmlApplicationContext@58d25a40: startup date [Sat Aug 13 15:08:48 CST 2016]; root of context hierarchy
[open-icg] 2016-08-13 15:08:48.328 INFO  [XmlBeanDefinitionReader.java:317] Loading XML bean definitions from class path resource [simple/spring.xml]
[open-icg] 2016-08-13 15:08:48.822 INFO  [XmlBeanDefinitionReader.java:317] Loading XML bean definitions from URL [file:/C:/UU/work_tool/spring/springmybatis/target/classes/simple/spring_mybatis.xml]
[open-icg] 2016-08-13 15:08:49.209 INFO  [PropertiesLoaderSupport.java:172] Loading properties file from class path resource [dbconfig.properties]
[open-icg] 2016-08-13 15:19:15.477 INFO  [AbstractApplicationContext.java:581] Refreshing org.springframework.context.support.ClassPathXmlApplicationContext@f5f2bb7: startup date [Sat Aug 13 15:19:15 CST 2016]; root of context hierarchy
[open-icg] 2016-08-13 15:19:15.581 INFO  [XmlBeanDefinitionReader.java:317] Loading XML bean definitions from class path resource [simple/spring.xml]
[open-icg] 2016-08-13 15:19:15.971 INFO  [XmlBeanDefinitionReader.java:317] Loading XML bean definitions from URL [file:/C:/UU/work_tool/spring/springmybatis/target/classes/simple/spring_mybatis.xml]
[open-icg] 2016-08-13 15:19:16.397 INFO  [PropertiesLoaderSupport.java:172] Loading properties file from class path resource [dbconfig.properties]
[open-icg] 2016-08-13 15:20:23.567 INFO  [AbstractApplicationContext.java:581] Refreshing org.springframework.context.support.ClassPathXmlApplicationContext@f5f2bb7: startup date [Sat Aug 13 15:20:23 CST 2016]; root of context hierarchy
[open-icg] 2016-08-13 15:20:23.670 INFO  [XmlBeanDefinitionReader.java:317] Loading XML bean definitions from class path resource [simple/spring.xml]
[open-icg] 2016-08-13 15:20:24.089 INFO  [XmlBeanDefinitionReader.java:317] Loading XML bean definitions from URL [file:/C:/UU/work_tool/spring/springmybatis/target/classes/simple/spring_mybatis.xml]
[open-icg] 2016-08-13 15:20:24.465 INFO  [PropertiesLoaderSupport.java:172] Loading properties file from class path resource [dbconfig.properties]
[open-icg] 2016-08-13 15:20:40.602 INFO  [AbstractApplicationContext.java:581] Refreshing org.springframework.context.support.ClassPathXmlApplicationContext@f5f2bb7: startup date [Sat Aug 13 15:20:40 CST 2016]; root of context hierarchy
[open-icg] 2016-08-13 15:20:40.671 INFO  [XmlBeanDefinitionReader.java:317] Loading XML bean definitions from class path resource [simple/spring.xml]
[open-icg] 2016-08-13 15:20:41.105 INFO  [XmlBeanDefinitionReader.java:317] Loading XML bean definitions from URL [file:/C:/UU/work_tool/spring/springmybatis/target/classes/simple/spring_mybatis.xml]
[open-icg] 2016-08-13 15:20:41.513 INFO  [PropertiesLoaderSupport.java:172] Loading properties file from class path resource [dbconfig.properties]
[open-icg] 2016-08-13 15:23:46.498 INFO  [AbstractApplicationContext.java:581] Refreshing org.springframework.context.support.ClassPathXmlApplicationContext@f5f2bb7: startup date [Sat Aug 13 15:23:46 CST 2016]; root of context hierarchy
[open-icg] 2016-08-13 15:23:46.592 INFO  [XmlBeanDefinitionReader.java:317] Loading XML bean definitions from class path resource [simple/spring.xml]
[open-icg] 2016-08-13 15:23:47.056 INFO  [XmlBeanDefinitionReader.java:317] Loading XML bean definitions from URL [file:/C:/UU/work_tool/spring/springmybatis/target/classes/simple/spring_mybatis.xml]
[open-icg] 2016-08-13 15:23:47.481 INFO  [PropertiesLoaderSupport.java:172] Loading properties file from class path resource [dbconfig.properties]
[open-icg] 2016-08-13 15:24:04.261 INFO  [AbstractApplicationContext.java:581] Refreshing org.springframework.context.support.ClassPathXmlApplicationContext@f5f2bb7: startup date [Sat Aug 13 15:24:04 CST 2016]; root of context hierarchy
[open-icg] 2016-08-13 15:24:04.345 INFO  [XmlBeanDefinitionReader.java:317] Loading XML bean definitions from class path resource [simple/spring.xml]
[open-icg] 2016-08-13 15:24:04.744 INFO  [XmlBeanDefinitionReader.java:317] Loading XML bean definitions from URL [file:/C:/UU/work_tool/spring/springmybatis/target/classes/simple/spring_mybatis.xml]
[open-icg] 2016-08-13 15:24:05.149 INFO  [PropertiesLoaderSupport.java:172] Loading properties file from class path resource [dbconfig.properties]
[open-icg] 2016-08-13 15:25:36.794 INFO  [AbstractApplicationContext.java:581] Refreshing org.springframework.context.support.ClassPathXmlApplicationContext@f5f2bb7: startup date [Sat Aug 13 15:25:36 CST 2016]; root of context hierarchy
[open-icg] 2016-08-13 15:25:36.867 INFO  [XmlBeanDefinitionReader.java:317] Loading XML bean definitions from class path resource [simple/spring.xml]
[open-icg] 2016-08-13 15:25:37.282 INFO  [XmlBeanDefinitionReader.java:317] Loading XML bean definitions from URL [file:/C:/UU/work_tool/spring/springmybatis/target/classes/simple/spring_mybatis.xml]
[open-icg] 2016-08-13 15:25:37.822 INFO  [PropertiesLoaderSupport.java:172] Loading properties file from class path resource [dbconfig.properties]
[open-icg] 2016-08-13 15:26:37.131 INFO  [AbstractApplicationContext.java:581] Refreshing org.springframework.context.support.ClassPathXmlApplicationContext@f5f2bb7: startup date [Sat Aug 13 15:26:37 CST 2016]; root of context hierarchy
[open-icg] 2016-08-13 15:26:37.205 INFO  [XmlBeanDefinitionReader.java:317] Loading XML bean definitions from class path resource [simple/spring.xml]
[open-icg] 2016-08-13 15:26:37.557 INFO  [XmlBeanDefinitionReader.java:317] Loading XML bean definitions from URL [file:/C:/UU/work_tool/spring/springmybatis/target/classes/simple/spring_mybatis.xml]
[open-icg] 2016-08-13 15:26:38.030 INFO  [PropertiesLoaderSupport.java:172] Loading properties file from class path resource [dbconfig.properties]
[open-icg] 2016-08-13 15:27:23.007 INFO  [AbstractApplicationContext.java:581] Refreshing org.springframework.context.support.ClassPathXmlApplicationContext@f5f2bb7: startup date [Sat Aug 13 15:27:23 CST 2016]; root of context hierarchy
[open-icg] 2016-08-13 15:27:23.077 INFO  [XmlBeanDefinitionReader.java:317] Loading XML bean definitions from class path resource [interceptor/spring.xml]
[open-icg] 2016-08-13 15:27:23.464 INFO  [XmlBeanDefinitionReader.java:317] Loading XML bean definitions from URL [file:/C:/UU/work_tool/spring/springmybatis/target/classes/interceptor/spring_mybatis.xml]
[open-icg] 2016-08-13 15:27:23.771 INFO  [PropertiesLoaderSupport.java:172] Loading properties file from class path resource [dbconfig.properties]
[open-icg] 2016-08-13 15:28:07.988 INFO  [AbstractApplicationContext.java:581] Refreshing org.springframework.context.support.ClassPathXmlApplicationContext@f5f2bb7: startup date [Sat Aug 13 15:28:07 CST 2016]; root of context hierarchy
[open-icg] 2016-08-13 15:28:08.060 INFO  [XmlBeanDefinitionReader.java:317] Loading XML bean definitions from class path resource [interceptor/spring.xml]
[open-icg] 2016-08-13 15:28:08.410 INFO  [XmlBeanDefinitionReader.java:317] Loading XML bean definitions from URL [file:/C:/UU/work_tool/spring/springmybatis/target/classes/interceptor/spring_mybatis.xml]
[open-icg] 2016-08-13 15:28:08.710 INFO  [PropertiesLoaderSupport.java:172] Loading properties file from class path resource [dbconfig.properties]
[open-icg] 2016-08-13 15:29:08.648 INFO  [AbstractApplicationContext.java:581] Refreshing org.springframework.context.support.ClassPathXmlApplicationContext@f5f2bb7: startup date [Sat Aug 13 15:29:08 CST 2016]; root of context hierarchy
[open-icg] 2016-08-13 15:29:08.719 INFO  [XmlBeanDefinitionReader.java:317] Loading XML bean definitions from class path resource [interceptor/spring.xml]
[open-icg] 2016-08-13 15:29:09.071 INFO  [XmlBeanDefinitionReader.java:317] Loading XML bean definitions from URL [file:/C:/UU/work_tool/spring/springmybatis/target/classes/interceptor/spring_mybatis.xml]
[open-icg] 2016-08-13 15:29:09.429 INFO  [PropertiesLoaderSupport.java:172] Loading properties file from class path resource [dbconfig.properties]
[open-icg] 2016-08-13 15:30:58.356 INFO  [AbstractApplicationContext.java:581] Refreshing org.springframework.context.support.ClassPathXmlApplicationContext@f5f2bb7: startup date [Sat Aug 13 15:30:58 CST 2016]; root of context hierarchy
[open-icg] 2016-08-13 15:30:58.456 INFO  [XmlBeanDefinitionReader.java:317] Loading XML bean definitions from class path resource [interceptor/spring.xml]
[open-icg] 2016-08-13 15:30:58.786 INFO  [XmlBeanDefinitionReader.java:317] Loading XML bean definitions from URL [file:/C:/UU/work_tool/spring/springmybatis/target/classes/interceptor/spring_mybatis.xml]
[open-icg] 2016-08-13 15:30:59.056 INFO  [PropertiesLoaderSupport.java:172] Loading properties file from class path resource [dbconfig.properties]
[open-icg] 2016-08-13 15:31:32.210 INFO  [AbstractApplicationContext.java:581] Refreshing org.springframework.context.support.ClassPathXmlApplicationContext@f5f2bb7: startup date [Sat Aug 13 15:31:32 CST 2016]; root of context hierarchy
[open-icg] 2016-08-13 15:31:32.281 INFO  [XmlBeanDefinitionReader.java:317] Loading XML bean definitions from class path resource [interceptor/spring.xml]
[open-icg] 2016-08-13 15:31:32.638 INFO  [XmlBeanDefinitionReader.java:317] Loading XML bean definitions from URL [file:/C:/UU/work_tool/spring/springmybatis/target/classes/interceptor/spring_mybatis.xml]
[open-icg] 2016-08-13 15:31:32.904 INFO  [PropertiesLoaderSupport.java:172] Loading properties file from class path resource [dbconfig.properties]
[open-icg] 2016-08-13 15:38:17.082 INFO  [AbstractApplicationContext.java:581] Refreshing org.springframework.context.support.ClassPathXmlApplicationContext@f5f2bb7: startup date [Sat Aug 13 15:38:17 CST 2016]; root of context hierarchy
[open-icg] 2016-08-13 15:38:17.156 INFO  [XmlBeanDefinitionReader.java:317] Loading XML bean definitions from class path resource [interceptor/spring.xml]
[open-icg] 2016-08-13 15:38:17.533 INFO  [XmlBeanDefinitionReader.java:317] Loading XML bean definitions from URL [file:/C:/UU/work_tool/spring/springmybatis/target/classes/interceptor/spring_mybatis.xml]
[open-icg] 2016-08-13 15:38:17.815 INFO  [PropertiesLoaderSupport.java:172] Loading properties file from class path resource [dbconfig.properties]
[open-icg] 2016-08-13 15:40:51.120 INFO  [AbstractApplicationContext.java:581] Refreshing org.springframework.context.support.ClassPathXmlApplicationContext@f5f2bb7: startup date [Sat Aug 13 15:40:51 CST 2016]; root of context hierarchy
[open-icg] 2016-08-13 15:40:51.194 INFO  [XmlBeanDefinitionReader.java:317] Loading XML bean definitions from class path resource [interceptor/spring.xml]
[open-icg] 2016-08-13 15:40:51.551 INFO  [XmlBeanDefinitionReader.java:317] Loading XML bean definitions from URL [file:/C:/UU/work_tool/spring/springmybatis/target/classes/interceptor/spring_mybatis.xml]
[open-icg] 2016-08-13 15:40:51.811 INFO  [PropertiesLoaderSupport.java:172] Loading properties file from class path resource [dbconfig.properties]
[open-icg] 2016-08-13 17:03:02.022 INFO  [AbstractApplicationContext.java:581] Refreshing org.springframework.context.support.ClassPathXmlApplicationContext@50cbc42f: startup date [Sat Aug 13 17:03:02 CST 2016]; root of context hierarchy
[open-icg] 2016-08-13 17:03:02.116 INFO  [XmlBeanDefinitionReader.java:317] Loading XML bean definitions from class path resource [interceptor/spring.xml]
[open-icg] 2016-08-13 17:03:02.749 INFO  [XmlBeanDefinitionReader.java:317] Loading XML bean definitions from URL [file:/C:/UU/work_tool/spring/springmybatis/target/classes/interceptor/spring_mybatis.xml]
[open-icg] 2016-08-13 17:03:03.098 INFO  [PropertiesLoaderSupport.java:172] Loading properties file from class path resource [dbconfig.properties]
[open-icg] 2016-08-13 17:04:49.647 INFO  [AbstractApplicationContext.java:581] Refreshing org.springframework.context.support.ClassPathXmlApplicationContext@f5f2bb7: startup date [Sat Aug 13 17:04:49 CST 2016]; root of context hierarchy
[open-icg] 2016-08-13 17:04:49.726 INFO  [XmlBeanDefinitionReader.java:317] Loading XML bean definitions from class path resource [interceptor/spring.xml]
[open-icg] 2016-08-13 17:04:50.082 INFO  [XmlBeanDefinitionReader.java:317] Loading XML bean definitions from URL [file:/C:/UU/work_tool/spring/springmybatis/target/classes/interceptor/spring_mybatis.xml]
[open-icg] 2016-08-13 17:04:50.342 INFO  [PropertiesLoaderSupport.java:172] Loading properties file from class path resource [dbconfig.properties]
[open-icg] 2016-08-13 17:05:21.715 INFO  [AbstractApplicationContext.java:581] Refreshing org.springframework.context.support.ClassPathXmlApplicationContext@f5f2bb7: startup date [Sat Aug 13 17:05:21 CST 2016]; root of context hierarchy
[open-icg] 2016-08-13 17:05:21.794 INFO  [XmlBeanDefinitionReader.java:317] Loading XML bean definitions from class path resource [interceptor/spring.xml]
[open-icg] 2016-08-13 17:05:22.172 INFO  [XmlBeanDefinitionReader.java:317] Loading XML bean definitions from URL [file:/C:/UU/work_tool/spring/springmybatis/target/classes/interceptor/spring_mybatis.xml]
[open-icg] 2016-08-13 17:05:22.445 INFO  [PropertiesLoaderSupport.java:172] Loading properties file from class path resource [dbconfig.properties]
[open-icg] 2016-08-13 17:05:43.372 INFO  [AbstractApplicationContext.java:581] Refreshing org.springframework.context.support.ClassPathXmlApplicationContext@f5f2bb7: startup date [Sat Aug 13 17:05:43 CST 2016]; root of context hierarchy
[open-icg] 2016-08-13 17:05:43.458 INFO  [XmlBeanDefinitionReader.java:317] Loading XML bean definitions from class path resource [interceptor/page/spring.xml]
[open-icg] 2016-08-13 17:05:43.802 INFO  [XmlBeanDefinitionReader.java:317] Loading XML bean definitions from URL [file:/C:/UU/work_tool/spring/springmybatis/target/classes/interceptor/page/spring_mybatis.xml]
[open-icg] 2016-08-13 17:05:44.068 INFO  [PropertiesLoaderSupport.java:172] Loading properties file from class path resource [dbconfig.properties]
[open-icg] 2016-08-13 17:05:44.451 WARN  [AbstractApplicationContext.java:549] Exception encountered during context initialization - cancelling refresh attempt: org.springframework.beans.factory.UnsatisfiedDependencyException: Error creating bean with name 'userService': Unsatisfied dependency expressed through field 'usersMapper': Error creating bean with name 'usersMapper' defined in file [C:\UU\work_tool\spring\springmybatis\target\classes\study\hry\spring\mybatis\springmybatis\simple\mapper\UsersMapper.class]: Cannot resolve reference to bean 'sqlSessionFactory' while setting bean property 'sqlSessionFactory'; nested exception is org.springframework.beans.factory.BeanCreationException: Error creating bean with name 'sqlSessionFactory' defined in URL [file:/C:/UU/work_tool/spring/springmybatis/target/classes/interceptor/page/spring_mybatis.xml]: Invocation of init method failed; nested exception is org.apache.ibatis.builder.BuilderException: Error creating document instance.  Cause: org.xml.sax.SAXParseException; lineNumber: 21; columnNumber: 12; 元素类型为 "plugins" 的内容不完整, 它必须匹配 "(plugin)+"。; nested exception is org.springframework.beans.factory.BeanCreationException: Error creating bean with name 'usersMapper' defined in file [C:\UU\work_tool\spring\springmybatis\target\classes\study\hry\spring\mybatis\springmybatis\simple\mapper\UsersMapper.class]: Cannot resolve reference to bean 'sqlSessionFactory' while setting bean property 'sqlSessionFactory'; nested exception is org.springframework.beans.factory.BeanCreationException: Error creating bean with name 'sqlSessionFactory' defined in URL [file:/C:/UU/work_tool/spring/springmybatis/target/classes/interceptor/page/spring_mybatis.xml]: Invocation of init method failed; nested exception is org.apache.ibatis.builder.BuilderException: Error creating document instance.  Cause: org.xml.sax.SAXParseException; lineNumber: 21; columnNumber: 12; 元素类型为 "plugins" 的内容不完整, 它必须匹配 "(plugin)+"。
[open-icg] 2016-08-13 17:06:31.081 INFO  [AbstractApplicationContext.java:581] Refreshing org.springframework.context.support.ClassPathXmlApplicationContext@f5f2bb7: startup date [Sat Aug 13 17:06:31 CST 2016]; root of context hierarchy
[open-icg] 2016-08-13 17:06:31.154 INFO  [XmlBeanDefinitionReader.java:317] Loading XML bean definitions from class path resource [interceptor/page/spring.xml]
[open-icg] 2016-08-13 17:06:31.582 INFO  [XmlBeanDefinitionReader.java:317] Loading XML bean definitions from URL [file:/C:/UU/work_tool/spring/springmybatis/target/classes/interceptor/page/spring_mybatis.xml]
[open-icg] 2016-08-13 17:06:31.910 INFO  [PropertiesLoaderSupport.java:172] Loading properties file from class path resource [dbconfig.properties]
[open-icg] 2016-08-13 17:06:32.398 WARN  [AbstractApplicationContext.java:549] Exception encountered during context initialization - cancelling refresh attempt: org.springframework.beans.factory.UnsatisfiedDependencyException: Error creating bean with name 'userService': Unsatisfied dependency expressed through field 'usersMapper': Error creating bean with name 'usersMapper' defined in file [C:\UU\work_tool\spring\springmybatis\target\classes\study\hry\spring\mybatis\springmybatis\simple\mapper\UsersMapper.class]: Cannot resolve reference to bean 'sqlSessionFactory' while setting bean property 'sqlSessionFactory'; nested exception is org.springframework.beans.factory.BeanCreationException: Error creating bean with name 'sqlSessionFactory' defined in URL [file:/C:/UU/work_tool/spring/springmybatis/target/classes/interceptor/page/spring_mybatis.xml]: Invocation of init method failed; nested exception is org.springframework.core.NestedIOException: Failed to parse config resource: class path resource [interceptor/page/mybatis-config.xml]; nested exception is org.apache.ibatis.builder.BuilderException: Error parsing SQL Mapper Configuration. Cause: org.apache.ibatis.builder.BuilderException: Error resolving class. Cause: org.apache.ibatis.type.TypeException: Could not resolve type alias 'cn.com.pubinfo.ecp.cw.interceptor.OraclePaginationInterceptor'.  Cause: java.lang.ClassNotFoundException: Cannot find class: cn.com.pubinfo.ecp.cw.interceptor.OraclePaginationInterceptor; nested exception is org.springframework.beans.factory.BeanCreationException: Error creating bean with name 'usersMapper' defined in file [C:\UU\work_tool\spring\springmybatis\target\classes\study\hry\spring\mybatis\springmybatis\simple\mapper\UsersMapper.class]: Cannot resolve reference to bean 'sqlSessionFactory' while setting bean property 'sqlSessionFactory'; nested exception is org.springframework.beans.factory.BeanCreationException: Error creating bean with name 'sqlSessionFactory' defined in URL [file:/C:/UU/work_tool/spring/springmybatis/target/classes/interceptor/page/spring_mybatis.xml]: Invocation of init method failed; nested exception is org.springframework.core.NestedIOException: Failed to parse config resource: class path resource [interceptor/page/mybatis-config.xml]; nested exception is org.apache.ibatis.builder.BuilderException: Error parsing SQL Mapper Configuration. Cause: org.apache.ibatis.builder.BuilderException: Error resolving class. Cause: org.apache.ibatis.type.TypeException: Could not resolve type alias 'cn.com.pubinfo.ecp.cw.interceptor.OraclePaginationInterceptor'.  Cause: java.lang.ClassNotFoundException: Cannot find class: cn.com.pubinfo.ecp.cw.interceptor.OraclePaginationInterceptor
[open-icg] 2016-08-13 17:07:38.906 INFO  [AbstractApplicationContext.java:581] Refreshing org.springframework.context.support.ClassPathXmlApplicationContext@f5f2bb7: startup date [Sat Aug 13 17:07:38 CST 2016]; root of context hierarchy
[open-icg] 2016-08-13 17:07:38.985 INFO  [XmlBeanDefinitionReader.java:317] Loading XML bean definitions from class path resource [interceptor/page/spring.xml]
[open-icg] 2016-08-13 17:07:39.408 INFO  [XmlBeanDefinitionReader.java:317] Loading XML bean definitions from URL [file:/C:/UU/work_tool/spring/springmybatis/target/classes/interceptor/page/spring_mybatis.xml]
[open-icg] 2016-08-13 17:07:39.708 INFO  [PropertiesLoaderSupport.java:172] Loading properties file from class path resource [dbconfig.properties]
[open-icg] 2016-08-13 17:08:24.004 INFO  [AbstractApplicationContext.java:581] Refreshing org.springframework.context.support.ClassPathXmlApplicationContext@f5f2bb7: startup date [Sat Aug 13 17:08:23 CST 2016]; root of context hierarchy
[open-icg] 2016-08-13 17:08:24.103 INFO  [XmlBeanDefinitionReader.java:317] Loading XML bean definitions from class path resource [interceptor/page/spring.xml]
[open-icg] 2016-08-13 17:08:24.575 INFO  [XmlBeanDefinitionReader.java:317] Loading XML bean definitions from URL [file:/C:/UU/work_tool/spring/springmybatis/target/classes/interceptor/page/spring_mybatis.xml]
[open-icg] 2016-08-13 17:08:24.906 INFO  [PropertiesLoaderSupport.java:172] Loading properties file from class path resource [dbconfig.properties]
[open-icg] 2016-08-13 17:09:05.596 INFO  [AbstractApplicationContext.java:581] Refreshing org.springframework.context.support.ClassPathXmlApplicationContext@50cbc42f: startup date [Sat Aug 13 17:09:05 CST 2016]; root of context hierarchy
[open-icg] 2016-08-13 17:09:05.671 INFO  [XmlBeanDefinitionReader.java:317] Loading XML bean definitions from class path resource [interceptor/page/spring.xml]
[open-icg] 2016-08-13 17:09:06.051 INFO  [XmlBeanDefinitionReader.java:317] Loading XML bean definitions from URL [file:/C:/UU/work_tool/spring/springmybatis/target/classes/interceptor/page/spring_mybatis.xml]
[open-icg] 2016-08-13 17:09:06.327 INFO  [PropertiesLoaderSupport.java:172] Loading properties file from class path resource [dbconfig.properties]
[open-icg] 2016-08-13 17:09:43.818 INFO  [AbstractApplicationContext.java:581] Refreshing org.springframework.context.support.ClassPathXmlApplicationContext@50cbc42f: startup date [Sat Aug 13 17:09:43 CST 2016]; root of context hierarchy
[open-icg] 2016-08-13 17:09:43.893 INFO  [XmlBeanDefinitionReader.java:317] Loading XML bean definitions from class path resource [interceptor/page/spring.xml]
[open-icg] 2016-08-13 17:09:44.230 INFO  [XmlBeanDefinitionReader.java:317] Loading XML bean definitions from URL [file:/C:/UU/work_tool/spring/springmybatis/target/classes/interceptor/page/spring_mybatis.xml]
[open-icg] 2016-08-13 17:09:44.521 INFO  [PropertiesLoaderSupport.java:172] Loading properties file from class path resource [dbconfig.properties]
[open-icg] 2016-08-13 17:17:08.020 INFO  [AbstractApplicationContext.java:581] Refreshing org.springframework.context.support.ClassPathXmlApplicationContext@f5f2bb7: startup date [Sat Aug 13 17:17:08 CST 2016]; root of context hierarchy
[open-icg] 2016-08-13 17:17:08.103 INFO  [XmlBeanDefinitionReader.java:317] Loading XML bean definitions from class path resource [interceptor/page/spring.xml]
[open-icg] 2016-08-13 17:17:08.481 INFO  [XmlBeanDefinitionReader.java:317] Loading XML bean definitions from URL [file:/C:/UU/work_tool/spring/springmybatis/target/classes/interceptor/page/spring_mybatis.xml]
[open-icg] 2016-08-13 17:17:08.796 INFO  [PropertiesLoaderSupport.java:172] Loading properties file from class path resource [dbconfig.properties]
