[open-icg] 2016-08-12 09:49:13.204 INFO  [AbstractApplicationContext.java:581] Refreshing org.springframework.context.support.ClassPathXmlApplicationContext@782830e: startup date [Fri Aug 12 09:49:13 CST 2016]; root of context hierarchy
[open-icg] 2016-08-12 09:49:13.236 INFO  [XmlBeanDefinitionReader.java:317] Loading XML bean definitions from class path resource [config/spring_base.xml]
[open-icg] 2016-08-12 09:49:13.614 INFO  [XmlBeanDefinitionReader.java:317] Loading XML bean definitions from URL [file:/D:/eclipse_ecp/cw/target/classes/config/spring_mybatis.xml]
[open-icg] 2016-08-12 09:49:13.791 INFO  [PropertiesLoaderSupport.java:172] Loading properties file from class path resource [config/db-config.properties]
[open-icg] 2016-08-12 09:49:13.851 INFO  [ExecutorConfigurationSupport.java:165] Initializing ExecutorService 
[open-icg] 2016-08-12 09:49:13.852 INFO  [PostProcessorRegistrationDelegate.java:328] Bean 'myExecutor' of type [class org.springframework.scheduling.config.TaskExecutorFactoryBean] is not eligible for getting processed by all BeanPostProcessors (for example: not eligible for auto-proxying)
[open-icg] 2016-08-12 09:49:13.852 INFO  [PostProcessorRegistrationDelegate.java:328] Bean 'myExecutor' of type [class org.springframework.scheduling.concurrent.ThreadPoolTaskExecutor] is not eligible for getting processed by all BeanPostProcessors (for example: not eligible for auto-proxying)
[open-icg] 2016-08-12 09:49:14.330 INFO  [Version.java:30] HV000001: Hibernate Validator 5.2.4.Final
[open-icg] 2016-08-12 09:49:14.825 INFO  [RequestMappingHandlerAdapter.java:534] Looking for @ControllerAdvice: org.springframework.context.support.ClassPathXmlApplicationContext@782830e: startup date [Fri Aug 12 09:49:13 CST 2016]; root of context hierarchy
[open-icg] 2016-08-12 09:49:14.874 INFO  [RequestMappingHandlerAdapter.java:534] Looking for @ControllerAdvice: org.springframework.context.support.ClassPathXmlApplicationContext@782830e: startup date [Fri Aug 12 09:49:13 CST 2016]; root of context hierarchy
[open-icg] 2016-08-12 09:49:14.943 INFO  [VelocityConfigurer.java:141] ClasspathResourceLoader with name 'springMacro' added to configured VelocityEngine
[open-icg] 2016-08-12 09:49:15.017 WARN  [CommonsLogLogChute.java:87] The directive.foreach.counter.initial.value property has been deprecated. It will be removed (along with $velocityCount itself) in Velocity 2.0.  Instead, please use $foreach.index to access the 0-based loop index and $foreach.count to access the 1-based loop counter.
[open-icg] 2016-08-12 09:49:15.018 WARN  [CommonsLogLogChute.java:87] The directive.foreach.counter.initial.value property has been deprecated. It will be removed (along with $velocityCount itself) in Velocity 2.0.  Instead, please use $foreach.index to access the 0-based loop index and $foreach.count to access the 1-based loop counter.
[open-icg] 2016-08-12 09:49:15.018 WARN  [CommonsLogLogChute.java:87] The directive.foreach.counter.initial.value property has been deprecated. It will be removed (along with $velocityCount itself) in Velocity 2.0.  Instead, please use $foreach.index to access the 0-based loop index and $foreach.count to access the 1-based loop counter.
[open-icg] 2016-08-12 09:49:15.019 WARN  [CommonsLogLogChute.java:87] The directive.foreach.counter.initial.value property has been deprecated. It will be removed (along with $velocityCount itself) in Velocity 2.0.  Instead, please use $foreach.index to access the 0-based loop index and $foreach.count to access the 1-based loop counter.
[open-icg] 2016-08-12 09:49:15.019 WARN  [CommonsLogLogChute.java:87] The directive.foreach.counter.initial.value property has been deprecated. It will be removed (along with $velocityCount itself) in Velocity 2.0.  Instead, please use $foreach.index to access the 0-based loop index and $foreach.count to access the 1-based loop counter.
[open-icg] 2016-08-12 09:49:15.020 WARN  [CommonsLogLogChute.java:87] The directive.foreach.counter.initial.value property has been deprecated. It will be removed (along with $velocityCount itself) in Velocity 2.0.  Instead, please use $foreach.index to access the 0-based loop index and $foreach.count to access the 1-based loop counter.
[open-icg] 2016-08-12 09:49:15.021 WARN  [CommonsLogLogChute.java:87] The directive.foreach.counter.initial.value property has been deprecated. It will be removed (along with $velocityCount itself) in Velocity 2.0.  Instead, please use $foreach.index to access the 0-based loop index and $foreach.count to access the 1-based loop counter.
[open-icg] 2016-08-12 09:52:59.220 INFO  [AbstractApplicationContext.java:581] Refreshing org.springframework.context.support.ClassPathXmlApplicationContext@782830e: startup date [Fri Aug 12 09:52:59 CST 2016]; root of context hierarchy
[open-icg] 2016-08-12 09:52:59.250 INFO  [XmlBeanDefinitionReader.java:317] Loading XML bean definitions from class path resource [config/spring_base.xml]
[open-icg] 2016-08-12 09:52:59.458 INFO  [XmlBeanDefinitionReader.java:317] Loading XML bean definitions from URL [file:/D:/eclipse_ecp/cw/target/classes/config/spring_mybatis.xml]
[open-icg] 2016-08-12 09:52:59.627 INFO  [PropertiesLoaderSupport.java:172] Loading properties file from class path resource [config/db-config.properties]
[open-icg] 2016-08-12 09:52:59.680 INFO  [ExecutorConfigurationSupport.java:165] Initializing ExecutorService 
[open-icg] 2016-08-12 09:52:59.681 INFO  [PostProcessorRegistrationDelegate.java:328] Bean 'myExecutor' of type [class org.springframework.scheduling.config.TaskExecutorFactoryBean] is not eligible for getting processed by all BeanPostProcessors (for example: not eligible for auto-proxying)
[open-icg] 2016-08-12 09:52:59.681 INFO  [PostProcessorRegistrationDelegate.java:328] Bean 'myExecutor' of type [class org.springframework.scheduling.concurrent.ThreadPoolTaskExecutor] is not eligible for getting processed by all BeanPostProcessors (for example: not eligible for auto-proxying)
[open-icg] 2016-08-12 09:53:00.130 INFO  [Version.java:30] HV000001: Hibernate Validator 5.2.4.Final
[open-icg] 2016-08-12 09:53:00.569 INFO  [RequestMappingHandlerAdapter.java:534] Looking for @ControllerAdvice: org.springframework.context.support.ClassPathXmlApplicationContext@782830e: startup date [Fri Aug 12 09:52:59 CST 2016]; root of context hierarchy
[open-icg] 2016-08-12 09:53:00.619 INFO  [RequestMappingHandlerAdapter.java:534] Looking for @ControllerAdvice: org.springframework.context.support.ClassPathXmlApplicationContext@782830e: startup date [Fri Aug 12 09:52:59 CST 2016]; root of context hierarchy
[open-icg] 2016-08-12 09:53:00.689 INFO  [VelocityConfigurer.java:141] ClasspathResourceLoader with name 'springMacro' added to configured VelocityEngine
[open-icg] 2016-08-12 09:53:00.771 WARN  [CommonsLogLogChute.java:87] The directive.foreach.counter.initial.value property has been deprecated. It will be removed (along with $velocityCount itself) in Velocity 2.0.  Instead, please use $foreach.index to access the 0-based loop index and $foreach.count to access the 1-based loop counter.
[open-icg] 2016-08-12 09:53:00.772 WARN  [CommonsLogLogChute.java:87] The directive.foreach.counter.initial.value property has been deprecated. It will be removed (along with $velocityCount itself) in Velocity 2.0.  Instead, please use $foreach.index to access the 0-based loop index and $foreach.count to access the 1-based loop counter.
[open-icg] 2016-08-12 09:53:00.772 WARN  [CommonsLogLogChute.java:87] The directive.foreach.counter.initial.value property has been deprecated. It will be removed (along with $velocityCount itself) in Velocity 2.0.  Instead, please use $foreach.index to access the 0-based loop index and $foreach.count to access the 1-based loop counter.
[open-icg] 2016-08-12 09:53:00.772 WARN  [CommonsLogLogChute.java:87] The directive.foreach.counter.initial.value property has been deprecated. It will be removed (along with $velocityCount itself) in Velocity 2.0.  Instead, please use $foreach.index to access the 0-based loop index and $foreach.count to access the 1-based loop counter.
[open-icg] 2016-08-12 09:53:00.773 WARN  [CommonsLogLogChute.java:87] The directive.foreach.counter.initial.value property has been deprecated. It will be removed (along with $velocityCount itself) in Velocity 2.0.  Instead, please use $foreach.index to access the 0-based loop index and $foreach.count to access the 1-based loop counter.
[open-icg] 2016-08-12 09:53:00.773 WARN  [CommonsLogLogChute.java:87] The directive.foreach.counter.initial.value property has been deprecated. It will be removed (along with $velocityCount itself) in Velocity 2.0.  Instead, please use $foreach.index to access the 0-based loop index and $foreach.count to access the 1-based loop counter.
[open-icg] 2016-08-12 09:53:00.774 WARN  [CommonsLogLogChute.java:87] The directive.foreach.counter.initial.value property has been deprecated. It will be removed (along with $velocityCount itself) in Velocity 2.0.  Instead, please use $foreach.index to access the 0-based loop index and $foreach.count to access the 1-based loop counter.
[open-icg] 2016-08-12 09:53:11.287 INFO  [AbstractApplicationContext.java:581] Refreshing org.springframework.context.support.ClassPathXmlApplicationContext@782830e: startup date [Fri Aug 12 09:53:11 CST 2016]; root of context hierarchy
[open-icg] 2016-08-12 09:53:11.318 INFO  [XmlBeanDefinitionReader.java:317] Loading XML bean definitions from class path resource [config/spring_base.xml]
[open-icg] 2016-08-12 09:53:11.522 INFO  [XmlBeanDefinitionReader.java:317] Loading XML bean definitions from URL [file:/D:/eclipse_ecp/cw/target/classes/config/spring_mybatis.xml]
[open-icg] 2016-08-12 09:53:11.685 INFO  [PropertiesLoaderSupport.java:172] Loading properties file from class path resource [config/db-config.properties]
[open-icg] 2016-08-12 09:53:11.745 INFO  [ExecutorConfigurationSupport.java:165] Initializing ExecutorService 
[open-icg] 2016-08-12 09:53:11.746 INFO  [PostProcessorRegistrationDelegate.java:328] Bean 'myExecutor' of type [class org.springframework.scheduling.config.TaskExecutorFactoryBean] is not eligible for getting processed by all BeanPostProcessors (for example: not eligible for auto-proxying)
[open-icg] 2016-08-12 09:53:11.746 INFO  [PostProcessorRegistrationDelegate.java:328] Bean 'myExecutor' of type [class org.springframework.scheduling.concurrent.ThreadPoolTaskExecutor] is not eligible for getting processed by all BeanPostProcessors (for example: not eligible for auto-proxying)
[open-icg] 2016-08-12 09:53:12.224 INFO  [Version.java:30] HV000001: Hibernate Validator 5.2.4.Final
[open-icg] 2016-08-12 09:53:12.625 INFO  [RequestMappingHandlerAdapter.java:534] Looking for @ControllerAdvice: org.springframework.context.support.ClassPathXmlApplicationContext@782830e: startup date [Fri Aug 12 09:53:11 CST 2016]; root of context hierarchy
[open-icg] 2016-08-12 09:53:12.680 INFO  [RequestMappingHandlerAdapter.java:534] Looking for @ControllerAdvice: org.springframework.context.support.ClassPathXmlApplicationContext@782830e: startup date [Fri Aug 12 09:53:11 CST 2016]; root of context hierarchy
[open-icg] 2016-08-12 09:53:12.756 INFO  [VelocityConfigurer.java:141] ClasspathResourceLoader with name 'springMacro' added to configured VelocityEngine
[open-icg] 2016-08-12 09:53:12.833 WARN  [CommonsLogLogChute.java:87] The directive.foreach.counter.initial.value property has been deprecated. It will be removed (along with $velocityCount itself) in Velocity 2.0.  Instead, please use $foreach.index to access the 0-based loop index and $foreach.count to access the 1-based loop counter.
[open-icg] 2016-08-12 09:53:12.834 WARN  [CommonsLogLogChute.java:87] The directive.foreach.counter.initial.value property has been deprecated. It will be removed (along with $velocityCount itself) in Velocity 2.0.  Instead, please use $foreach.index to access the 0-based loop index and $foreach.count to access the 1-based loop counter.
[open-icg] 2016-08-12 09:53:12.834 WARN  [CommonsLogLogChute.java:87] The directive.foreach.counter.initial.value property has been deprecated. It will be removed (along with $velocityCount itself) in Velocity 2.0.  Instead, please use $foreach.index to access the 0-based loop index and $foreach.count to access the 1-based loop counter.
[open-icg] 2016-08-12 09:53:12.835 WARN  [CommonsLogLogChute.java:87] The directive.foreach.counter.initial.value property has been deprecated. It will be removed (along with $velocityCount itself) in Velocity 2.0.  Instead, please use $foreach.index to access the 0-based loop index and $foreach.count to access the 1-based loop counter.
[open-icg] 2016-08-12 09:53:12.835 WARN  [CommonsLogLogChute.java:87] The directive.foreach.counter.initial.value property has been deprecated. It will be removed (along with $velocityCount itself) in Velocity 2.0.  Instead, please use $foreach.index to access the 0-based loop index and $foreach.count to access the 1-based loop counter.
[open-icg] 2016-08-12 09:53:12.836 WARN  [CommonsLogLogChute.java:87] The directive.foreach.counter.initial.value property has been deprecated. It will be removed (along with $velocityCount itself) in Velocity 2.0.  Instead, please use $foreach.index to access the 0-based loop index and $foreach.count to access the 1-based loop counter.
[open-icg] 2016-08-12 09:53:12.837 WARN  [CommonsLogLogChute.java:87] The directive.foreach.counter.initial.value property has been deprecated. It will be removed (along with $velocityCount itself) in Velocity 2.0.  Instead, please use $foreach.index to access the 0-based loop index and $foreach.count to access the 1-based loop counter.
[open-icg] 2016-08-12 10:57:45.274 INFO  [AbstractApplicationContext.java:581] Refreshing org.springframework.context.support.ClassPathXmlApplicationContext@782830e: startup date [Fri Aug 12 10:57:45 CST 2016]; root of context hierarchy
[open-icg] 2016-08-12 10:57:45.317 INFO  [XmlBeanDefinitionReader.java:317] Loading XML bean definitions from class path resource [config/spring_base.xml]
[open-icg] 2016-08-12 10:57:45.525 INFO  [XmlBeanDefinitionReader.java:317] Loading XML bean definitions from URL [file:/D:/eclipse_ecp/cw/target/classes/config/spring_mybatis.xml]
[open-icg] 2016-08-12 10:57:45.687 INFO  [PropertiesLoaderSupport.java:172] Loading properties file from class path resource [config/db-config.properties]
[open-icg] 2016-08-12 10:57:45.738 INFO  [ExecutorConfigurationSupport.java:165] Initializing ExecutorService 
[open-icg] 2016-08-12 10:57:45.740 INFO  [PostProcessorRegistrationDelegate.java:328] Bean 'myExecutor' of type [class org.springframework.scheduling.config.TaskExecutorFactoryBean] is not eligible for getting processed by all BeanPostProcessors (for example: not eligible for auto-proxying)
[open-icg] 2016-08-12 10:57:45.740 INFO  [PostProcessorRegistrationDelegate.java:328] Bean 'myExecutor' of type [class org.springframework.scheduling.concurrent.ThreadPoolTaskExecutor] is not eligible for getting processed by all BeanPostProcessors (for example: not eligible for auto-proxying)
[open-icg] 2016-08-12 10:57:46.402 INFO  [AbstractHandlerMethodMapping.java:543] Mapped "{[/select/customer/{id}]}" onto public org.springframework.web.context.request.async.DeferredResult<java.lang.String> cn.com.pubinfo.ecp.cw.controller.CustomerUserController.getAccountExtByOwner(java.lang.Long)
[open-icg] 2016-08-12 10:57:46.461 INFO  [Version.java:30] HV000001: Hibernate Validator 5.2.4.Final
[open-icg] 2016-08-12 10:57:46.848 INFO  [RequestMappingHandlerAdapter.java:534] Looking for @ControllerAdvice: org.springframework.context.support.ClassPathXmlApplicationContext@782830e: startup date [Fri Aug 12 10:57:45 CST 2016]; root of context hierarchy
[open-icg] 2016-08-12 10:57:46.899 INFO  [RequestMappingHandlerAdapter.java:534] Looking for @ControllerAdvice: org.springframework.context.support.ClassPathXmlApplicationContext@782830e: startup date [Fri Aug 12 10:57:45 CST 2016]; root of context hierarchy
[open-icg] 2016-08-12 10:57:46.967 INFO  [VelocityConfigurer.java:141] ClasspathResourceLoader with name 'springMacro' added to configured VelocityEngine
[open-icg] 2016-08-12 10:57:47.009 ERROR [CommonsLogLogChute.java:96] ResourceManager : unable to find resource 'macro/macros.vm' in any resource loader.
[open-icg] 2016-08-12 10:57:47.010 ERROR [CommonsLogLogChute.java:122] Velocimacro : Velocimacro : Error using VM library : macro/macros.vm
org.apache.velocity.exception.ResourceNotFoundException: Unable to find resource 'macro/macros.vm'
	at org.apache.velocity.runtime.resource.ResourceManagerImpl.loadResource(ResourceManagerImpl.java:474)
	at org.apache.velocity.runtime.resource.ResourceManagerImpl.getResource(ResourceManagerImpl.java:352)
	at org.apache.velocity.runtime.RuntimeInstance.getTemplate(RuntimeInstance.java:1533)
	at org.apache.velocity.runtime.RuntimeInstance.getTemplate(RuntimeInstance.java:1514)
	at org.apache.velocity.runtime.VelocimacroFactory.initVelocimacro(VelocimacroFactory.java:202)
	at org.apache.velocity.runtime.RuntimeInstance.init(RuntimeInstance.java:274)
	at org.apache.velocity.app.VelocityEngine.init(VelocityEngine.java:93)
	at org.springframework.ui.velocity.VelocityEngineFactory.createVelocityEngine(VelocityEngineFactory.java:251)
	at org.springframework.web.servlet.view.velocity.VelocityConfigurer.afterPropertiesSet(VelocityConfigurer.java:121)
	at org.springframework.beans.factory.support.AbstractAutowireCapableBeanFactory.invokeInitMethods(AbstractAutowireCapableBeanFactory.java:1637)
	at org.springframework.beans.factory.support.AbstractAutowireCapableBeanFactory.initializeBean(AbstractAutowireCapableBeanFactory.java:1574)
	at org.springframework.beans.factory.support.AbstractAutowireCapableBeanFactory.doCreateBean(AbstractAutowireCapableBeanFactory.java:545)
	at org.springframework.beans.factory.support.AbstractAutowireCapableBeanFactory.createBean(AbstractAutowireCapableBeanFactory.java:482)
	at org.springframework.beans.factory.support.AbstractBeanFactory$1.getObject(AbstractBeanFactory.java:306)
	at org.springframework.beans.factory.support.DefaultSingletonBeanRegistry.getSingleton(DefaultSingletonBeanRegistry.java:230)
	at org.springframework.beans.factory.support.AbstractBeanFactory.doGetBean(AbstractBeanFactory.java:302)
	at org.springframework.beans.factory.support.AbstractBeanFactory.getBean(AbstractBeanFactory.java:197)
	at org.springframework.beans.factory.support.DefaultListableBeanFactory.preInstantiateSingletons(DefaultListableBeanFactory.java:776)
	at org.springframework.context.support.AbstractApplicationContext.finishBeanFactoryInitialization(AbstractApplicationContext.java:861)
	at org.springframework.context.support.AbstractApplicationContext.refresh(AbstractApplicationContext.java:541)
	at org.springframework.context.support.ClassPathXmlApplicationContext.<init>(ClassPathXmlApplicationContext.java:139)
	at org.springframework.context.support.ClassPathXmlApplicationContext.<init>(ClassPathXmlApplicationContext.java:83)
	at cn.com.pubinfo.ecp.cw.MybatisMain.main(MybatisMain.java:15)
[open-icg] 2016-08-12 10:57:47.012 WARN  [AbstractApplicationContext.java:549] Exception encountered during context initialization - cancelling refresh attempt: org.springframework.beans.factory.BeanCreationException: Error creating bean with name 'velocityConfig' defined in class path resource [config/spring_base.xml]: Invocation of init method failed; nested exception is org.apache.velocity.exception.VelocityException: Velocimacro : Error using VM library : macro/macros.vm
[open-icg] 2016-08-12 10:57:47.013 INFO  [ExecutorConfigurationSupport.java:203] Shutting down ExecutorService
[open-icg] 2016-08-12 10:58:15.625 INFO  [AbstractApplicationContext.java:581] Refreshing org.springframework.context.support.ClassPathXmlApplicationContext@782830e: startup date [Fri Aug 12 10:58:15 CST 2016]; root of context hierarchy
[open-icg] 2016-08-12 10:58:15.657 INFO  [XmlBeanDefinitionReader.java:317] Loading XML bean definitions from class path resource [config/spring_base.xml]
[open-icg] 2016-08-12 10:58:15.870 INFO  [XmlBeanDefinitionReader.java:317] Loading XML bean definitions from URL [file:/D:/eclipse_ecp/cw/target/classes/config/spring_mybatis.xml]
[open-icg] 2016-08-12 10:58:16.046 INFO  [PropertiesLoaderSupport.java:172] Loading properties file from class path resource [config/db-config.properties]
[open-icg] 2016-08-12 10:58:16.115 INFO  [ExecutorConfigurationSupport.java:165] Initializing ExecutorService 
[open-icg] 2016-08-12 10:58:16.117 INFO  [PostProcessorRegistrationDelegate.java:328] Bean 'myExecutor' of type [class org.springframework.scheduling.config.TaskExecutorFactoryBean] is not eligible for getting processed by all BeanPostProcessors (for example: not eligible for auto-proxying)
[open-icg] 2016-08-12 10:58:16.117 INFO  [PostProcessorRegistrationDelegate.java:328] Bean 'myExecutor' of type [class org.springframework.scheduling.concurrent.ThreadPoolTaskExecutor] is not eligible for getting processed by all BeanPostProcessors (for example: not eligible for auto-proxying)
[open-icg] 2016-08-12 10:58:16.680 INFO  [AbstractHandlerMethodMapping.java:543] Mapped "{[/select/customer/{id}]}" onto public org.springframework.web.context.request.async.DeferredResult<java.lang.String> cn.com.pubinfo.ecp.cw.controller.CustomerUserController.getAccountExtByOwner(java.lang.Long)
[open-icg] 2016-08-12 10:58:16.726 INFO  [Version.java:30] HV000001: Hibernate Validator 5.2.4.Final
[open-icg] 2016-08-12 10:58:17.143 INFO  [RequestMappingHandlerAdapter.java:534] Looking for @ControllerAdvice: org.springframework.context.support.ClassPathXmlApplicationContext@782830e: startup date [Fri Aug 12 10:58:15 CST 2016]; root of context hierarchy
[open-icg] 2016-08-12 10:58:17.196 INFO  [RequestMappingHandlerAdapter.java:534] Looking for @ControllerAdvice: org.springframework.context.support.ClassPathXmlApplicationContext@782830e: startup date [Fri Aug 12 10:58:15 CST 2016]; root of context hierarchy
[open-icg] 2016-08-12 10:58:17.273 INFO  [VelocityConfigurer.java:141] ClasspathResourceLoader with name 'springMacro' added to configured VelocityEngine
[open-icg] 2016-08-12 10:58:17.316 ERROR [CommonsLogLogChute.java:96] ResourceManager : unable to find resource 'macro/macros.vm' in any resource loader.
[open-icg] 2016-08-12 10:58:17.317 ERROR [CommonsLogLogChute.java:122] Velocimacro : Velocimacro : Error using VM library : macro/macros.vm
org.apache.velocity.exception.ResourceNotFoundException: Unable to find resource 'macro/macros.vm'
	at org.apache.velocity.runtime.resource.ResourceManagerImpl.loadResource(ResourceManagerImpl.java:474)
	at org.apache.velocity.runtime.resource.ResourceManagerImpl.getResource(ResourceManagerImpl.java:352)
	at org.apache.velocity.runtime.RuntimeInstance.getTemplate(RuntimeInstance.java:1533)
	at org.apache.velocity.runtime.RuntimeInstance.getTemplate(RuntimeInstance.java:1514)
	at org.apache.velocity.runtime.VelocimacroFactory.initVelocimacro(VelocimacroFactory.java:202)
	at org.apache.velocity.runtime.RuntimeInstance.init(RuntimeInstance.java:274)
	at org.apache.velocity.app.VelocityEngine.init(VelocityEngine.java:93)
	at org.springframework.ui.velocity.VelocityEngineFactory.createVelocityEngine(VelocityEngineFactory.java:251)
	at org.springframework.web.servlet.view.velocity.VelocityConfigurer.afterPropertiesSet(VelocityConfigurer.java:121)
	at org.springframework.beans.factory.support.AbstractAutowireCapableBeanFactory.invokeInitMethods(AbstractAutowireCapableBeanFactory.java:1637)
	at org.springframework.beans.factory.support.AbstractAutowireCapableBeanFactory.initializeBean(AbstractAutowireCapableBeanFactory.java:1574)
	at org.springframework.beans.factory.support.AbstractAutowireCapableBeanFactory.doCreateBean(AbstractAutowireCapableBeanFactory.java:545)
	at org.springframework.beans.factory.support.AbstractAutowireCapableBeanFactory.createBean(AbstractAutowireCapableBeanFactory.java:482)
	at org.springframework.beans.factory.support.AbstractBeanFactory$1.getObject(AbstractBeanFactory.java:306)
	at org.springframework.beans.factory.support.DefaultSingletonBeanRegistry.getSingleton(DefaultSingletonBeanRegistry.java:230)
	at org.springframework.beans.factory.support.AbstractBeanFactory.doGetBean(AbstractBeanFactory.java:302)
	at org.springframework.beans.factory.support.AbstractBeanFactory.getBean(AbstractBeanFactory.java:197)
	at org.springframework.beans.factory.support.DefaultListableBeanFactory.preInstantiateSingletons(DefaultListableBeanFactory.java:776)
	at org.springframework.context.support.AbstractApplicationContext.finishBeanFactoryInitialization(AbstractApplicationContext.java:861)
	at org.springframework.context.support.AbstractApplicationContext.refresh(AbstractApplicationContext.java:541)
	at org.springframework.context.support.ClassPathXmlApplicationContext.<init>(ClassPathXmlApplicationContext.java:139)
	at org.springframework.context.support.ClassPathXmlApplicationContext.<init>(ClassPathXmlApplicationContext.java:83)
	at cn.com.pubinfo.ecp.cw.MybatisMain.main(MybatisMain.java:15)
[open-icg] 2016-08-12 10:58:17.319 WARN  [AbstractApplicationContext.java:549] Exception encountered during context initialization - cancelling refresh attempt: org.springframework.beans.factory.BeanCreationException: Error creating bean with name 'velocityConfig' defined in class path resource [config/spring_base.xml]: Invocation of init method failed; nested exception is org.apache.velocity.exception.VelocityException: Velocimacro : Error using VM library : macro/macros.vm
[open-icg] 2016-08-12 10:58:17.321 INFO  [ExecutorConfigurationSupport.java:203] Shutting down ExecutorService
[open-icg] 2016-08-12 11:07:43.094 INFO  [AbstractApplicationContext.java:581] Refreshing org.springframework.context.support.ClassPathXmlApplicationContext@782830e: startup date [Fri Aug 12 11:07:43 CST 2016]; root of context hierarchy
[open-icg] 2016-08-12 11:07:43.124 INFO  [XmlBeanDefinitionReader.java:317] Loading XML bean definitions from class path resource [config/spring_base.xml]
[open-icg] 2016-08-12 11:07:43.338 INFO  [XmlBeanDefinitionReader.java:317] Loading XML bean definitions from URL [file:/D:/eclipse_ecp/cw/target/classes/config/spring_mybatis.xml]
[open-icg] 2016-08-12 11:07:43.509 INFO  [PropertiesLoaderSupport.java:172] Loading properties file from class path resource [config/db-config.properties]
[open-icg] 2016-08-12 11:07:43.562 INFO  [ExecutorConfigurationSupport.java:165] Initializing ExecutorService 
[open-icg] 2016-08-12 11:07:43.563 INFO  [PostProcessorRegistrationDelegate.java:328] Bean 'myExecutor' of type [class org.springframework.scheduling.config.TaskExecutorFactoryBean] is not eligible for getting processed by all BeanPostProcessors (for example: not eligible for auto-proxying)
[open-icg] 2016-08-12 11:07:43.563 INFO  [PostProcessorRegistrationDelegate.java:328] Bean 'myExecutor' of type [class org.springframework.scheduling.concurrent.ThreadPoolTaskExecutor] is not eligible for getting processed by all BeanPostProcessors (for example: not eligible for auto-proxying)
[open-icg] 2016-08-12 11:07:44.103 INFO  [AbstractHandlerMethodMapping.java:543] Mapped "{[/select/customer/{id}]}" onto public org.springframework.web.context.request.async.DeferredResult<java.lang.String> cn.com.pubinfo.ecp.cw.controller.CustomerUserController.getAccountExtByOwner(java.lang.Long)
[open-icg] 2016-08-12 11:07:44.149 INFO  [Version.java:30] HV000001: Hibernate Validator 5.2.4.Final
[open-icg] 2016-08-12 11:07:44.527 INFO  [RequestMappingHandlerAdapter.java:534] Looking for @ControllerAdvice: org.springframework.context.support.ClassPathXmlApplicationContext@782830e: startup date [Fri Aug 12 11:07:43 CST 2016]; root of context hierarchy
[open-icg] 2016-08-12 11:07:44.574 INFO  [RequestMappingHandlerAdapter.java:534] Looking for @ControllerAdvice: org.springframework.context.support.ClassPathXmlApplicationContext@782830e: startup date [Fri Aug 12 11:07:43 CST 2016]; root of context hierarchy
[open-icg] 2016-08-12 11:07:44.657 INFO  [VelocityConfigurer.java:141] ClasspathResourceLoader with name 'springMacro' added to configured VelocityEngine
[open-icg] 2016-08-12 11:07:44.699 ERROR [CommonsLogLogChute.java:96] ResourceManager : unable to find resource 'macro/macros.vm' in any resource loader.
[open-icg] 2016-08-12 11:07:44.700 ERROR [CommonsLogLogChute.java:122] Velocimacro : Velocimacro : Error using VM library : macro/macros.vm
org.apache.velocity.exception.ResourceNotFoundException: Unable to find resource 'macro/macros.vm'
	at org.apache.velocity.runtime.resource.ResourceManagerImpl.loadResource(ResourceManagerImpl.java:474)
	at org.apache.velocity.runtime.resource.ResourceManagerImpl.getResource(ResourceManagerImpl.java:352)
	at org.apache.velocity.runtime.RuntimeInstance.getTemplate(RuntimeInstance.java:1533)
	at org.apache.velocity.runtime.RuntimeInstance.getTemplate(RuntimeInstance.java:1514)
	at org.apache.velocity.runtime.VelocimacroFactory.initVelocimacro(VelocimacroFactory.java:202)
	at org.apache.velocity.runtime.RuntimeInstance.init(RuntimeInstance.java:274)
	at org.apache.velocity.app.VelocityEngine.init(VelocityEngine.java:93)
	at org.springframework.ui.velocity.VelocityEngineFactory.createVelocityEngine(VelocityEngineFactory.java:251)
	at org.springframework.web.servlet.view.velocity.VelocityConfigurer.afterPropertiesSet(VelocityConfigurer.java:121)
	at org.springframework.beans.factory.support.AbstractAutowireCapableBeanFactory.invokeInitMethods(AbstractAutowireCapableBeanFactory.java:1637)
	at org.springframework.beans.factory.support.AbstractAutowireCapableBeanFactory.initializeBean(AbstractAutowireCapableBeanFactory.java:1574)
	at org.springframework.beans.factory.support.AbstractAutowireCapableBeanFactory.doCreateBean(AbstractAutowireCapableBeanFactory.java:545)
	at org.springframework.beans.factory.support.AbstractAutowireCapableBeanFactory.createBean(AbstractAutowireCapableBeanFactory.java:482)
	at org.springframework.beans.factory.support.AbstractBeanFactory$1.getObject(AbstractBeanFactory.java:306)
	at org.springframework.beans.factory.support.DefaultSingletonBeanRegistry.getSingleton(DefaultSingletonBeanRegistry.java:230)
	at org.springframework.beans.factory.support.AbstractBeanFactory.doGetBean(AbstractBeanFactory.java:302)
	at org.springframework.beans.factory.support.AbstractBeanFactory.getBean(AbstractBeanFactory.java:197)
	at org.springframework.beans.factory.support.DefaultListableBeanFactory.preInstantiateSingletons(DefaultListableBeanFactory.java:776)
	at org.springframework.context.support.AbstractApplicationContext.finishBeanFactoryInitialization(AbstractApplicationContext.java:861)
	at org.springframework.context.support.AbstractApplicationContext.refresh(AbstractApplicationContext.java:541)
	at org.springframework.context.support.ClassPathXmlApplicationContext.<init>(ClassPathXmlApplicationContext.java:139)
	at org.springframework.context.support.ClassPathXmlApplicationContext.<init>(ClassPathXmlApplicationContext.java:83)
	at cn.com.pubinfo.ecp.cw.MybatisMain.main(MybatisMain.java:15)
[open-icg] 2016-08-12 11:07:44.702 WARN  [AbstractApplicationContext.java:549] Exception encountered during context initialization - cancelling refresh attempt: org.springframework.beans.factory.BeanCreationException: Error creating bean with name 'velocityConfig' defined in class path resource [config/spring_base.xml]: Invocation of init method failed; nested exception is org.apache.velocity.exception.VelocityException: Velocimacro : Error using VM library : macro/macros.vm
[open-icg] 2016-08-12 11:07:44.703 INFO  [ExecutorConfigurationSupport.java:203] Shutting down ExecutorService
[open-icg] 2016-08-12 11:53:49.995 INFO  [AbstractApplicationContext.java:581] Refreshing org.springframework.context.support.ClassPathXmlApplicationContext@782830e: startup date [Fri Aug 12 11:53:49 CST 2016]; root of context hierarchy
[open-icg] 2016-08-12 11:53:50.026 INFO  [XmlBeanDefinitionReader.java:317] Loading XML bean definitions from class path resource [config/spring_base.xml]
[open-icg] 2016-08-12 11:53:50.287 INFO  [XmlBeanDefinitionReader.java:317] Loading XML bean definitions from URL [file:/D:/eclipse_ecp/cw/target/classes/config/spring_mybatis.xml]
[open-icg] 2016-08-12 11:53:50.443 INFO  [PropertiesLoaderSupport.java:172] Loading properties file from class path resource [config/db-config.properties]
[open-icg] 2016-08-12 11:53:50.499 INFO  [ExecutorConfigurationSupport.java:165] Initializing ExecutorService 
[open-icg] 2016-08-12 11:53:50.501 INFO  [PostProcessorRegistrationDelegate.java:328] Bean 'myExecutor' of type [class org.springframework.scheduling.config.TaskExecutorFactoryBean] is not eligible for getting processed by all BeanPostProcessors (for example: not eligible for auto-proxying)
[open-icg] 2016-08-12 11:53:50.501 INFO  [PostProcessorRegistrationDelegate.java:328] Bean 'myExecutor' of type [class org.springframework.scheduling.concurrent.ThreadPoolTaskExecutor] is not eligible for getting processed by all BeanPostProcessors (for example: not eligible for auto-proxying)
[open-icg] 2016-08-12 11:53:51.193 INFO  [AbstractHandlerMethodMapping.java:543] Mapped "{[/select/customer/{id}]}" onto public org.springframework.web.context.request.async.DeferredResult<java.lang.String> cn.com.pubinfo.ecp.cw.controller.CustomerUserController.getAccountExtByOwner(java.lang.Long)
[open-icg] 2016-08-12 11:53:51.239 INFO  [Version.java:30] HV000001: Hibernate Validator 5.2.4.Final
[open-icg] 2016-08-12 11:53:51.599 INFO  [RequestMappingHandlerAdapter.java:534] Looking for @ControllerAdvice: org.springframework.context.support.ClassPathXmlApplicationContext@782830e: startup date [Fri Aug 12 11:53:49 CST 2016]; root of context hierarchy
[open-icg] 2016-08-12 11:53:51.646 INFO  [RequestMappingHandlerAdapter.java:534] Looking for @ControllerAdvice: org.springframework.context.support.ClassPathXmlApplicationContext@782830e: startup date [Fri Aug 12 11:53:49 CST 2016]; root of context hierarchy
[open-icg] 2016-08-12 11:53:51.714 INFO  [VelocityConfigurer.java:141] ClasspathResourceLoader with name 'springMacro' added to configured VelocityEngine
[open-icg] 2016-08-12 11:53:51.759 ERROR [CommonsLogLogChute.java:96] ResourceManager : unable to find resource 'macro/macros.vm' in any resource loader.
[open-icg] 2016-08-12 11:53:51.759 ERROR [CommonsLogLogChute.java:122] Velocimacro : Velocimacro : Error using VM library : macro/macros.vm
org.apache.velocity.exception.ResourceNotFoundException: Unable to find resource 'macro/macros.vm'
	at org.apache.velocity.runtime.resource.ResourceManagerImpl.loadResource(ResourceManagerImpl.java:474)
	at org.apache.velocity.runtime.resource.ResourceManagerImpl.getResource(ResourceManagerImpl.java:352)
	at org.apache.velocity.runtime.RuntimeInstance.getTemplate(RuntimeInstance.java:1533)
	at org.apache.velocity.runtime.RuntimeInstance.getTemplate(RuntimeInstance.java:1514)
	at org.apache.velocity.runtime.VelocimacroFactory.initVelocimacro(VelocimacroFactory.java:202)
	at org.apache.velocity.runtime.RuntimeInstance.init(RuntimeInstance.java:274)
	at org.apache.velocity.app.VelocityEngine.init(VelocityEngine.java:93)
	at org.springframework.ui.velocity.VelocityEngineFactory.createVelocityEngine(VelocityEngineFactory.java:251)
	at org.springframework.web.servlet.view.velocity.VelocityConfigurer.afterPropertiesSet(VelocityConfigurer.java:121)
	at org.springframework.beans.factory.support.AbstractAutowireCapableBeanFactory.invokeInitMethods(AbstractAutowireCapableBeanFactory.java:1637)
	at org.springframework.beans.factory.support.AbstractAutowireCapableBeanFactory.initializeBean(AbstractAutowireCapableBeanFactory.java:1574)
	at org.springframework.beans.factory.support.AbstractAutowireCapableBeanFactory.doCreateBean(AbstractAutowireCapableBeanFactory.java:545)
	at org.springframework.beans.factory.support.AbstractAutowireCapableBeanFactory.createBean(AbstractAutowireCapableBeanFactory.java:482)
	at org.springframework.beans.factory.support.AbstractBeanFactory$1.getObject(AbstractBeanFactory.java:306)
	at org.springframework.beans.factory.support.DefaultSingletonBeanRegistry.getSingleton(DefaultSingletonBeanRegistry.java:230)
	at org.springframework.beans.factory.support.AbstractBeanFactory.doGetBean(AbstractBeanFactory.java:302)
	at org.springframework.beans.factory.support.AbstractBeanFactory.getBean(AbstractBeanFactory.java:197)
	at org.springframework.beans.factory.support.DefaultListableBeanFactory.preInstantiateSingletons(DefaultListableBeanFactory.java:776)
	at org.springframework.context.support.AbstractApplicationContext.finishBeanFactoryInitialization(AbstractApplicationContext.java:861)
	at org.springframework.context.support.AbstractApplicationContext.refresh(AbstractApplicationContext.java:541)
	at org.springframework.context.support.ClassPathXmlApplicationContext.<init>(ClassPathXmlApplicationContext.java:139)
	at org.springframework.context.support.ClassPathXmlApplicationContext.<init>(ClassPathXmlApplicationContext.java:83)
	at cn.com.pubinfo.ecp.cw.MybatisMain.main(MybatisMain.java:15)
[open-icg] 2016-08-12 11:53:51.761 WARN  [AbstractApplicationContext.java:549] Exception encountered during context initialization - cancelling refresh attempt: org.springframework.beans.factory.BeanCreationException: Error creating bean with name 'velocityConfig' defined in class path resource [config/spring_base.xml]: Invocation of init method failed; nested exception is org.apache.velocity.exception.VelocityException: Velocimacro : Error using VM library : macro/macros.vm
[open-icg] 2016-08-12 11:53:51.763 INFO  [ExecutorConfigurationSupport.java:203] Shutting down ExecutorService
[open-icg] 2016-08-12 11:54:28.784 INFO  [AbstractApplicationContext.java:581] Refreshing org.springframework.context.support.ClassPathXmlApplicationContext@6f1fba17: startup date [Fri Aug 12 11:54:28 CST 2016]; root of context hierarchy
[open-icg] 2016-08-12 11:54:28.819 INFO  [XmlBeanDefinitionReader.java:317] Loading XML bean definitions from class path resource [config/spring_base.xml]
[open-icg] 2016-08-12 11:54:29.051 INFO  [XmlBeanDefinitionReader.java:317] Loading XML bean definitions from URL [file:/D:/eclipse_ecp/cw/target/classes/config/spring_mybatis.xml]
[open-icg] 2016-08-12 11:54:29.242 INFO  [PropertiesLoaderSupport.java:172] Loading properties file from class path resource [config/db-config.properties]
[open-icg] 2016-08-12 11:54:29.316 INFO  [ExecutorConfigurationSupport.java:165] Initializing ExecutorService 
[open-icg] 2016-08-12 11:54:29.318 INFO  [PostProcessorRegistrationDelegate.java:328] Bean 'myExecutor' of type [class org.springframework.scheduling.config.TaskExecutorFactoryBean] is not eligible for getting processed by all BeanPostProcessors (for example: not eligible for auto-proxying)
[open-icg] 2016-08-12 11:54:29.318 INFO  [PostProcessorRegistrationDelegate.java:328] Bean 'myExecutor' of type [class org.springframework.scheduling.concurrent.ThreadPoolTaskExecutor] is not eligible for getting processed by all BeanPostProcessors (for example: not eligible for auto-proxying)
[open-icg] 2016-08-12 11:54:30.132 INFO  [AbstractHandlerMethodMapping.java:543] Mapped "{[/select/customer/{id}]}" onto public org.springframework.web.context.request.async.DeferredResult<java.lang.String> cn.com.pubinfo.ecp.cw.controller.CustomerUserController.getAccountExtByOwner(java.lang.Long)
[open-icg] 2016-08-12 11:54:30.187 INFO  [Version.java:30] HV000001: Hibernate Validator 5.2.4.Final
[open-icg] 2016-08-12 11:54:30.642 INFO  [RequestMappingHandlerAdapter.java:534] Looking for @ControllerAdvice: org.springframework.context.support.ClassPathXmlApplicationContext@6f1fba17: startup date [Fri Aug 12 11:54:28 CST 2016]; root of context hierarchy
[open-icg] 2016-08-12 11:54:30.697 INFO  [RequestMappingHandlerAdapter.java:534] Looking for @ControllerAdvice: org.springframework.context.support.ClassPathXmlApplicationContext@6f1fba17: startup date [Fri Aug 12 11:54:28 CST 2016]; root of context hierarchy
[open-icg] 2016-08-12 11:54:30.778 INFO  [VelocityConfigurer.java:141] ClasspathResourceLoader with name 'springMacro' added to configured VelocityEngine
[open-icg] 2016-08-12 11:55:04.606 ERROR [CommonsLogLogChute.java:96] ResourceManager : unable to find resource 'macro/macros.vm' in any resource loader.
[open-icg] 2016-08-12 11:55:04.608 ERROR [CommonsLogLogChute.java:122] Velocimacro : Velocimacro : Error using VM library : macro/macros.vm
org.apache.velocity.exception.ResourceNotFoundException: Unable to find resource 'macro/macros.vm'
	at org.apache.velocity.runtime.resource.ResourceManagerImpl.loadResource(ResourceManagerImpl.java:474)
	at org.apache.velocity.runtime.resource.ResourceManagerImpl.getResource(ResourceManagerImpl.java:352)
	at org.apache.velocity.runtime.RuntimeInstance.getTemplate(RuntimeInstance.java:1533)
	at org.apache.velocity.runtime.RuntimeInstance.getTemplate(RuntimeInstance.java:1514)
	at org.apache.velocity.runtime.VelocimacroFactory.initVelocimacro(VelocimacroFactory.java:202)
	at org.apache.velocity.runtime.RuntimeInstance.init(RuntimeInstance.java:274)
	at org.apache.velocity.app.VelocityEngine.init(VelocityEngine.java:93)
	at org.springframework.ui.velocity.VelocityEngineFactory.createVelocityEngine(VelocityEngineFactory.java:251)
	at org.springframework.web.servlet.view.velocity.VelocityConfigurer.afterPropertiesSet(VelocityConfigurer.java:121)
	at org.springframework.beans.factory.support.AbstractAutowireCapableBeanFactory.invokeInitMethods(AbstractAutowireCapableBeanFactory.java:1637)
	at org.springframework.beans.factory.support.AbstractAutowireCapableBeanFactory.initializeBean(AbstractAutowireCapableBeanFactory.java:1574)
	at org.springframework.beans.factory.support.AbstractAutowireCapableBeanFactory.doCreateBean(AbstractAutowireCapableBeanFactory.java:545)
	at org.springframework.beans.factory.support.AbstractAutowireCapableBeanFactory.createBean(AbstractAutowireCapableBeanFactory.java:482)
	at org.springframework.beans.factory.support.AbstractBeanFactory$1.getObject(AbstractBeanFactory.java:306)
	at org.springframework.beans.factory.support.DefaultSingletonBeanRegistry.getSingleton(DefaultSingletonBeanRegistry.java:230)
	at org.springframework.beans.factory.support.AbstractBeanFactory.doGetBean(AbstractBeanFactory.java:302)
	at org.springframework.beans.factory.support.AbstractBeanFactory.getBean(AbstractBeanFactory.java:197)
	at org.springframework.beans.factory.support.DefaultListableBeanFactory.preInstantiateSingletons(DefaultListableBeanFactory.java:776)
	at org.springframework.context.support.AbstractApplicationContext.finishBeanFactoryInitialization(AbstractApplicationContext.java:861)
	at org.springframework.context.support.AbstractApplicationContext.refresh(AbstractApplicationContext.java:541)
	at org.springframework.context.support.ClassPathXmlApplicationContext.<init>(ClassPathXmlApplicationContext.java:139)
	at org.springframework.context.support.ClassPathXmlApplicationContext.<init>(ClassPathXmlApplicationContext.java:83)
	at cn.com.pubinfo.ecp.cw.MybatisMain.main(MybatisMain.java:15)
[open-icg] 2016-08-12 11:55:04.611 WARN  [AbstractApplicationContext.java:549] Exception encountered during context initialization - cancelling refresh attempt: org.springframework.beans.factory.BeanCreationException: Error creating bean with name 'velocityConfig' defined in class path resource [config/spring_base.xml]: Invocation of init method failed; nested exception is org.apache.velocity.exception.VelocityException: Velocimacro : Error using VM library : macro/macros.vm
[open-icg] 2016-08-12 11:55:04.616 INFO  [ExecutorConfigurationSupport.java:203] Shutting down ExecutorService
